<?xml version="1.0" encoding="UTF-8"?>
<!-- Generated by org.testng.reporters.JUnitReportReporter -->
<testsuite hostname="MohansLaptop" failures="0" tests="1" name="TestRunner.EndToEndTestRunner" time="25.620" errors="0" timestamp="2024-08-25T17:24:18 IST" skipped="0">
  <testcase classname="TestRunner.EndToEndTestRunner" name="runScenario" time="25.620"/>
  <system-out/>
</testsuite> <!-- TestRunner.EndToEndTestRunner -->
