<?xml version="1.0" encoding="UTF-8"?>
<!-- Generated by org.testng.reporters.JUnitReportReporter -->
<testsuite hostname="MohansLaptop" failures="0" tests="1" name="TestRunner.TestRunner" time="28.297" errors="0" timestamp="2024-08-24T22:13:27 IST" skipped="0">
  <testcase classname="TestRunner.TestRunner" name="runScenario" time="28.297"/>
  <system-out/>
</testsuite> <!-- TestRunner.TestRunner -->
