<?xml version="1.0" encoding="UTF-8"?>
<!-- Generated by org.testng.reporters.JUnitReportReporter -->
<testsuite hostname="MohansLaptop" failures="0" tests="4" name="TestRunner.SearchTestRunner" time="50.016" errors="0" timestamp="2024-08-25T17:24:18 IST" skipped="0">
  <testcase classname="TestRunner.SearchTestRunner" name="runScenario" time="13.211"/>
  <system-out/>
  <testcase classname="TestRunner.SearchTestRunner" name="runScenario" time="12.122"/>
  <system-out/>
  <testcase classname="TestRunner.SearchTestRunner" name="runScenario" time="13.219"/>
  <system-out/>
  <testcase classname="TestRunner.SearchTestRunner" name="runScenario" time="11.464"/>
  <system-out/>
</testsuite> <!-- TestRunner.SearchTestRunner -->
