<?xml version="1.0" encoding="UTF-8"?>
<!-- Generated by org.testng.reporters.JUnitReportReporter -->
<testsuite hostname="MohansLaptop" failures="0" tests="2" name="TestRunner.LoginTestRunner" time="17.467" errors="0" timestamp="2024-08-25T17:26:58 IST" skipped="0">
  <testcase classname="TestRunner.LoginTestRunner" name="runScenario" time="7.470"/>
  <system-out/>
  <testcase classname="TestRunner.LoginTestRunner" name="runScenario" time="9.997"/>
  <system-out/>
</testsuite> <!-- TestRunner.LoginTestRunner -->
