<?xml version="1.0" encoding="UTF-8"?>
<!-- Generated by org.testng.reporters.JUnitReportReporter -->
<testsuite hostname="MohansLaptop" failures="0" tests="4" name="runner.TestRunner" time="3.454" errors="0" timestamp="2024-08-28T19:10:59 IST" skipped="0">
  <testcase classname="runner.TestRunner" name="runScenario" time="0.752"/>
  <system-out/>
  <testcase classname="runner.TestRunner" name="runScenario" time="0.751"/>
  <system-out/>
  <testcase classname="runner.TestRunner" name="runScenario" time="1.887"/>
  <system-out/>
  <testcase classname="runner.TestRunner" name="runScenario" time="0.064"/>
  <system-out/>
</testsuite> <!-- runner.TestRunner -->
