<?xml version="1.0" encoding="UTF-8"?>
<!-- Generated by org.testng.reporters.JUnitReportReporter -->
<testsuite hostname="MohansLaptop" failures="0" tests="1" name="TestCase.TestRunner" time="16.890" errors="0" timestamp="2024-08-27T18:16:28 IST" skipped="0">
  <testcase classname="TestCase.TestRunner" name="ProeductTesting" time="16.890"/>
  <system-out/>
</testsuite> <!-- TestCase.TestRunner -->
