<?xml version="1.0" encoding="UTF-8"?>
<!-- Generated by org.testng.reporters.JUnitReportReporter -->
<testsuite hostname="MohansLaptop" failures="0" tests="1" name="TestCase.TestCase1" time="41.111" errors="0" timestamp="2024-08-27T16:05:32 IST" skipped="0">
  <testcase classname="TestCase.TestCase1" name="LoginTest" time="41.111"/>
  <system-out/>
</testsuite> <!-- TestCase.TestCase1 -->
