<?xml version="1.0" encoding="UTF-8"?>
<!-- Generated by org.testng.reporters.JUnitReportReporter -->
<testsuite hostname="MohansLaptop" failures="0" tests="2" name="TestCase.LoginTest" time="20.319" errors="0" timestamp="2024-08-27T16:23:06 IST" skipped="0">
  <testcase classname="TestCase.LoginTest" name="InvalidLogin" time="5.329"/>
  <system-out/>
  <testcase classname="TestCase.LoginTest" name="LoginTest" time="14.990"/>
  <system-out/>
</testsuite> <!-- TestCase.LoginTest -->
